Flow report for lab4_part2
Tue Oct 09 09:20:00 2018
Quartus Prime Version 16.0.0 Build 211 04/27/2016 SJ Lite Edition


---------------------
; Table of Contents ;
---------------------
  1. Legal Notice
  2. Flow Summary
  3. Flow Settings
  4. Flow Non-Default Global Settings
  5. Flow Elapsed Time
  6. Flow OS Summary
  7. Flow Log
  8. Flow Messages
  9. Flow Suppressed Messages



----------------
; Legal Notice ;
----------------
Copyright (C) 1991-2016 Altera Corporation. All rights reserved.
Your use of Altera Corporation's design tools, logic functions 
and other software and tools, and its AMPP partner logic 
functions, and any output files from any of the foregoing 
(including device programming or simulation files), and any 
associated documentation or information are expressly subject 
to the terms and conditions of the Altera Program License 
Subscription Agreement, the Altera Quartus Prime License Agreement,
the Altera MegaCore Function License Agreement, or other 
applicable license agreement, including, without limitation, 
that your use is for the sole purpose of programming logic 
devices manufactured by Altera and sold by Altera or its 
authorized distributors.  Please refer to the applicable 
agreement for further details.



+-------------------------------------------------------------------------------+
; Flow Summary                                                                  ;
+---------------------------------+---------------------------------------------+
; Flow Status                     ; Successful - Tue Oct 09 09:20:00 2018       ;
; Quartus Prime Version           ; 16.0.0 Build 211 04/27/2016 SJ Lite Edition ;
; Revision Name                   ; lab4_part2                                  ;
; Top-level Entity Name           ; part2                                       ;
; Family                          ; Cyclone V                                   ;
; Device                          ; 5CSEMA5F31C6                                ;
; Timing Models                   ; Final                                       ;
; Logic utilization (in ALMs)     ; 5 / 32,070 ( < 1 % )                        ;
; Total registers                 ; 0                                           ;
; Total pins                      ; 18 / 457 ( 4 % )                            ;
; Total virtual pins              ; 0                                           ;
; Total block memory bits         ; 0 / 4,065,280 ( 0 % )                       ;
; Total DSP Blocks                ; 0 / 87 ( 0 % )                              ;
; Total HSSI RX PCSs              ; 0                                           ;
; Total HSSI PMA RX Deserializers ; 0                                           ;
; Total HSSI TX PCSs              ; 0                                           ;
; Total HSSI PMA TX Serializers   ; 0                                           ;
; Total PLLs                      ; 0 / 6 ( 0 % )                               ;
; Total DLLs                      ; 0 / 4 ( 0 % )                               ;
+---------------------------------+---------------------------------------------+


+-----------------------------------------+
; Flow Settings                           ;
+-------------------+---------------------+
; Option            ; Setting             ;
+-------------------+---------------------+
; Start date & time ; 10/09/2018 09:18:16 ;
; Main task         ; Compilation         ;
; Revision Name     ; lab4_part2          ;
+-------------------+---------------------+


+----------------------------------------------------------------------------------------------------------------------------+
; Flow Non-Default Global Settings                                                                                           ;
+-------------------------------------+---------------------------------------+---------------+-------------+----------------+
; Assignment Name                     ; Value                                 ; Default Value ; Entity Name ; Section Id     ;
+-------------------------------------+---------------------------------------+---------------+-------------+----------------+
; COMPILER_SIGNATURE_ID               ; 176507751699966.153909109504680       ; --            ; --          ; --             ;
; EDA_OUTPUT_DATA_FORMAT              ; Verilog Hdl                           ; --            ; --          ; eda_simulation ;
; EDA_SIMULATION_TOOL                 ; ModelSim-Altera (Verilog)             ; <None>        ; --          ; --             ;
; EDA_TIME_SCALE                      ; 1 ps                                  ; --            ; --          ; eda_simulation ;
; MAX_CORE_JUNCTION_TEMP              ; 85                                    ; --            ; --          ; --             ;
; MIN_CORE_JUNCTION_TEMP              ; 0                                     ; --            ; --          ; --             ;
; PARTITION_COLOR                     ; 16764057                              ; --            ; part2       ; Top            ;
; PARTITION_FITTER_PRESERVATION_LEVEL ; PLACEMENT_AND_ROUTING                 ; --            ; part2       ; Top            ;
; PARTITION_NETLIST_TYPE              ; SOURCE                                ; --            ; part2       ; Top            ;
; POWER_BOARD_THERMAL_MODEL           ; None (CONSERVATIVE)                   ; --            ; --          ; --             ;
; POWER_PRESET_COOLING_SOLUTION       ; 23 MM HEAT SINK WITH 200 LFPM AIRFLOW ; --            ; --          ; --             ;
; PROJECT_OUTPUT_DIRECTORY            ; output_files                          ; --            ; --          ; --             ;
; TOP_LEVEL_ENTITY                    ; part2                                 ; lab4_part2    ; --          ; --             ;
+-------------------------------------+---------------------------------------+---------------+-------------+----------------+


+-------------------------------------------------------------------------------------------------------------------------------+
; Flow Elapsed Time                                                                                                             ;
+---------------------------+--------------+-------------------------+---------------------+------------------------------------+
; Module Name               ; Elapsed Time ; Average Processors Used ; Peak Virtual Memory ; Total CPU Time (on all processors) ;
+---------------------------+--------------+-------------------------+---------------------+------------------------------------+
; Analysis & Synthesis      ; 00:00:13     ; 1.0                     ; 5054 MB             ; 00:00:29                           ;
; Fitter                    ; 00:00:38     ; 1.0                     ; 6812 MB             ; 00:01:09                           ;
; Assembler                 ; 00:00:07     ; 1.0                     ; 5058 MB             ; 00:00:07                           ;
; TimeQuest Timing Analyzer ; 00:00:05     ; 1.0                     ; 5378 MB             ; 00:00:05                           ;
; EDA Netlist Writer        ; 00:00:01     ; 1.0                     ; 4958 MB             ; 00:00:01                           ;
; EDA Netlist Writer        ; 00:00:01     ; 1.0                     ; 4941 MB             ; 00:00:01                           ;
; EDA Netlist Writer        ; 00:00:01     ; 1.0                     ; 4949 MB             ; 00:00:01                           ;
; Total                     ; 00:01:06     ; --                      ; --                  ; 00:01:53                           ;
+---------------------------+--------------+-------------------------+---------------------+------------------------------------+


+----------------------------------------------------------------------------------------+
; Flow OS Summary                                                                        ;
+---------------------------+------------------+-----------+------------+----------------+
; Module Name               ; Machine Hostname ; OS Name   ; OS Version ; Processor type ;
+---------------------------+------------------+-----------+------------+----------------+
; Analysis & Synthesis      ; Dinghis-Khan     ; Windows 8 ; 6.2        ; x86_64         ;
; Fitter                    ; Dinghis-Khan     ; Windows 8 ; 6.2        ; x86_64         ;
; Assembler                 ; Dinghis-Khan     ; Windows 8 ; 6.2        ; x86_64         ;
; TimeQuest Timing Analyzer ; Dinghis-Khan     ; Windows 8 ; 6.2        ; x86_64         ;
; EDA Netlist Writer        ; Dinghis-Khan     ; Windows 8 ; 6.2        ; x86_64         ;
; EDA Netlist Writer        ; Dinghis-Khan     ; Windows 8 ; 6.2        ; x86_64         ;
; EDA Netlist Writer        ; Dinghis-Khan     ; Windows 8 ; 6.2        ; x86_64         ;
+---------------------------+------------------+-----------+------------+----------------+


------------
; Flow Log ;
------------
quartus_map --read_settings_files=on --write_settings_files=off lab4_part2 -c lab4_part2
quartus_fit --read_settings_files=off --write_settings_files=off lab4_part2 -c lab4_part2
quartus_asm --read_settings_files=off --write_settings_files=off lab4_part2 -c lab4_part2
quartus_sta lab4_part2 -c lab4_part2
quartus_eda --read_settings_files=off --write_settings_files=off lab4_part2 -c lab4_part2
quartus_eda --gen_testbench --tool=modelsim_oem --format=verilog --write_settings_files=off lab4_part2 -c lab4_part2 --vector_source="C:/Users/smart/Documents/Engsci Year 2/F - ECE253/Labs/Daniel Labs/Lab 4 Part 2/Waveform19.vwf" --testbench_file="C:/Users/smart/Documents/Engsci Year 2/F - ECE253/Labs/Daniel Labs/Lab 4 Part 2/simulation/qsim/Waveform19.vwf.vt"
quartus_eda --write_settings_files=off --functional=on --flatten_buses=off --simulation=on --tool=modelsim_oem --format=verilog --output_directory="C:/Users/smart/Documents/Engsci Year 2/F - ECE253/Labs/Daniel Labs/Lab 4 Part 2/simulation/qsim/" lab4_part2 -c lab4_part2



